<?xml version="1.0" encoding="UTF-8"?>
<!-- Generated by org.testng.reporters.JUnitReportReporter -->
<testsuite skipped="0" hostname="DESKTOP-3FPHIMD" name="Selenium.api.bdd.GetApi" tests="1" failures="0" timestamp="02 Dec 2019 14:52:15 GMT" time="3.749" errors="0">
  <testcase name="getapiresponse" time="3.749" classname="Selenium.api.bdd.GetApi"/>
</testsuite> <!-- Selenium.api.bdd.GetApi -->
